<?xml version="1.0" encoding="UTF-8"?>
<testsuite xmlns:xsi="http://www.w3.org/2001/XMLSchema-instance" xsi:noNamespaceSchemaLocation="https://maven.apache.org/surefire/maven-surefire-plugin/xsd/surefire-test-report-3.0.xsd" version="3.0" name="unit.NavyTest" time="0.794" tests="30" errors="0" skipped="0" failures="0">
  <properties>
[...]
</properties>
  <testcase name="mapOfPlanes" classname="unit.NavyTest" time="0.718"/>
  <testcase name="getHowManyPlanes_MAGNESIUM" classname="unit.NavyTest" time="0.011"/>
  <testcase name="getAllSpeedPlanes_MAGNESIUM" classname="unit.NavyTest" time="0.001"/>
  <testcase name="getAllSpeedPlanes_ALLOY" classname="unit.NavyTest" time="0.001"/>
  <testcase name="getAllPlanes_ALLOY_NO_NULL" classname="unit.NavyTest" time="0.002"/>
  <testcase name="getAllSpeedPlanes_STEEL_ALLOYS" classname="unit.NavyTest" time="0.001"/>
  <testcase name="getAllPlanes_STEEL_ALLOYS_NO_NULL" classname="unit.NavyTest" time="0"/>
  <testcase name="getAllPlanes_ALLUMINIUM_NO_NULL" classname="unit.NavyTest" time="0"/>
  <testcase name="getAllPlanes_ALLOY" classname="unit.NavyTest" time="0.001"/>
  <testcase name="getAllSpeedPlanes_ALUMINUM" classname="unit.NavyTest" time="0.001"/>
  <testcase name="getAllPlanes_TITANIUM_NO_NULL" classname="unit.NavyTest" time="0.001"/>
  <testcase name="getAllSpeedPlanes_REINFORCED_PLASTIC" classname="unit.NavyTest" time="0.001"/>
  <testcase name="getAllPlanes_REINFORCED_PLASTIC_NO_NULL" classname="unit.NavyTest" time="0.001"/>
  <testcase name="getAllSpeedPlanes_TITANIUM" classname="unit.NavyTest" time="0.002"/>
  <testcase name="getAllPlanes" classname="unit.NavyTest" time="0.001"/>
  <testcase name="getHowManyPlanes_STEEL_ALLOYS" classname="unit.NavyTest" time="0.001"/>
  <testcase name="getHowManyPlanes_ALUMINUM" classname="unit.NavyTest" time="0.002"/>
  <testcase name="getHowManyPlanes" classname="unit.NavyTest" time="0.001"/>
  <testcase name="maxSpeed" classname="unit.NavyTest" time="0.002"/>
  <testcase name="getHowManyPlanes_TITANIUM" classname="unit.NavyTest" time="0.001"/>
  <testcase name="getHowManyPlanes_ALLOY" classname="unit.NavyTest" time="0.001"/>
  <testcase name="getAllSpeedPlanes_TRANPARENT_PLASTIC" classname="unit.NavyTest" time="0.001"/>
  <testcase name="getAllSpeedPlanes" classname="unit.NavyTest" time="0.001"/>
  <testcase name="getHowManyPlanes_TRANSPARENT_PLASTIC" classname="unit.NavyTest" time="0.001"/>
  <testcase name="getAllPlanes_NO_NULL" classname="unit.NavyTest" time="0.001"/>
  <testcase name="searchAndCount" classname="unit.NavyTest" time="0.002"/>
  <testcase name="averageSpeed" classname="unit.NavyTest" time="0.002"/>
  <testcase name="getHowManyPlanes_REINFORCED_PLASTIC" classname="unit.NavyTest" time="0"/>
  <testcase name="getAllPlanes_TRANSPARENT_PLASTIC_NO_NULL" classname="unit.NavyTest" time="0.001"/>
  <testcase name="getAllPlanes_MAGNESIUM_NO_NULL" classname="unit.NavyTest" time="0.001"/>
</testsuite>